# JRE version: OpenJDK Runtime Environment Corretto-17.0.10.7.1 (17.0.10+7) (build 17.0.10+7-LTS)
# Java VM: OpenJDK 64-Bit Server VM Corretto-17.0.10.7.1 (17.0.10+7-LTS, mixed mode, emulated-client, sharing, tiered, compressed oops, compressed class ptrs, g1 gc, windows-amd64)
GC Precious Log:
 CPUs: 8 total, 8 available
 Memory: 7975M
 Large Page Support: Disabled
 NUMA Support: Disabled
 Compressed Oops: Enabled (32-bit)
 Heap Region Size: 1M
 Heap Min Capacity: 8M
 Heap Initial Capacity: 126M
 Heap Max Capacity: 1994M
 Pre-touch: Disabled
 Parallel Workers: 8
 Concurrent Workers: 2
 Concurrent Refinement Workers: 8
 Periodic GC: Disabled
Heap:
 garbage-first heap   total 191488K, used 85156K [0x0000000083600000, 0x0000000100000000)
  region size 1024K, 5 young (5120K), 5 survivors (5120K)
 Metaspace       used 68587K, committed 69184K, reserved 1114112K
  class space    used 9854K, committed 10112K, reserved 1048576K
GC Heap History (20 events):
Event: 9.755 GC heap after
{Heap after GC invocations=14 (full 0):
 garbage-first heap   total 86016K, used 29436K [0x0000000083600000, 0x0000000100000000)
  region size 1024K, 3 young (3072K), 3 survivors (3072K)
 Metaspace       used 59817K, committed 60288K, reserved 1114112K
  class space    used 8607K, committed 8832K, reserved 1048576K
}
Event: 10.678 GC heap before
{Heap before GC invocations=15 (full 0):
 garbage-first heap   total 86016K, used 67324K [0x0000000083600000, 0x0000000100000000)
  region size 1024K, 40 young (40960K), 3 survivors (3072K)
 Metaspace       used 65089K, committed 65664K, reserved 1114112K
  class space    used 9371K, committed 9664K, reserved 1048576K
}
Event: 10.683 GC heap after
{Heap after GC invocations=16 (full 0):
 garbage-first heap   total 86016K, used 31975K [0x0000000083600000, 0x0000000100000000)
  region size 1024K, 5 young (5120K), 5 survivors (5120K)
 Metaspace       used 65089K, committed 65664K, reserved 1114112K
  class space    used 9371K, committed 9664K, reserved 1048576K
}
Event: 11.355 GC heap before
{Heap before GC invocations=16 (full 0):
 garbage-first heap   total 86016K, used 67815K [0x0000000083600000, 0x0000000100000000)
  region size 1024K, 40 young (40960K), 5 survivors (5120K)
 Metaspace       used 68532K, committed 69120K, reserved 1114112K
  class space    used 9839K, committed 10112K, reserved 1048576K
}
Event: 11.363 GC heap after
{Heap after GC invocations=17 (full 0):
 garbage-first heap   total 86016K, used 37373K [0x0000000083600000, 0x0000000100000000)
  region size 1024K, 5 young (5120K), 5 survivors (5120K)
 Metaspace       used 68532K, committed 69120K, reserved 1114112K
  class space    used 9839K, committed 10112K, reserved 1048576K
}
Event: 11.431 GC heap before
{Heap before GC invocations=17 (full 0):
 garbage-first heap   total 86016K, used 67069K [0x0000000083600000, 0x0000000100000000)
  region size 1024K, 34 young (34816K), 5 survivors (5120K)
 Metaspace       used 68532K, committed 69120K, reserved 1114112K
  class space    used 9839K, committed 10112K, reserved 1048576K
}
Event: 11.437 GC heap after
{Heap after GC invocations=18 (full 0):
 garbage-first heap   total 86016K, used 43240K [0x0000000083600000, 0x0000000100000000)
  region size 1024K, 5 young (5120K), 5 survivors (5120K)
 Metaspace       used 68532K, committed 69120K, reserved 1114112K
  class space    used 9839K, committed 10112K, reserved 1048576K
}
Event: 11.456 GC heap before
{Heap before GC invocations=18 (full 0):
 garbage-first heap   total 86016K, used 50408K [0x0000000083600000, 0x0000000100000000)
  region size 1024K, 13 young (13312K), 5 survivors (5120K)
 Metaspace       used 68532K, committed 69120K, reserved 1114112K
  class space    used 9839K, committed 10112K, reserved 1048576K
}
Event: 11.459 GC heap after
{Heap after GC invocations=19 (full 0):
 garbage-first heap   total 86016K, used 45854K [0x0000000083600000, 0x0000000100000000)
  region size 1024K, 3 young (3072K), 3 survivors (3072K)
 Metaspace       used 68532K, committed 69120K, reserved 1114112K
  class space    used 9839K, committed 10112K, reserved 1048576K
}
Event: 11.571 GC heap before
{Heap before GC invocations=20 (full 0):
 garbage-first heap   total 97280K, used 65310K [0x0000000083600000, 0x0000000100000000)
  region size 1024K, 22 young (22528K), 3 survivors (3072K)
 Metaspace       used 68578K, committed 69184K, reserved 1114112K
  class space    used 9852K, committed 10112K, reserved 1048576K
}
Event: 11.577 GC heap after
{Heap after GC invocations=21 (full 0):
 garbage-first heap   total 97280K, used 52456K [0x0000000083600000, 0x0000000100000000)
  region size 1024K, 3 young (3072K), 3 survivors (3072K)
 Metaspace       used 68578K, committed 69184K, reserved 1114112K
  class space    used 9852K, committed 10112K, reserved 1048576K
}
Event: 11.578 GC heap before
{Heap before GC invocations=21 (full 0):
 garbage-first heap   total 97280K, used 52456K [0x0000000083600000, 0x0000000100000000)
  region size 1024K, 4 young (4096K), 3 survivors (3072K)
 Metaspace       used 68578K, committed 69184K, reserved 1114112K
  class space    used 9852K, committed 10112K, reserved 1048576K
}
Event: 11.582 GC heap after
{Heap after GC invocations=22 (full 0):
 garbage-first heap   total 166912K, used 53218K [0x0000000083600000, 0x0000000100000000)
  region size 1024K, 1 young (1024K), 1 survivors (1024K)
 Metaspace       used 68578K, committed 69184K, reserved 1114112K
  class space    used 9852K, committed 10112K, reserved 1048576K
}
Event: 11.715 GC heap before
{Heap before GC invocations=22 (full 0):
 garbage-first heap   total 166912K, used 119778K [0x0000000083600000, 0x0000000100000000)
  region size 1024K, 63 young (64512K), 1 survivors (1024K)
 Metaspace       used 68578K, committed 69184K, reserved 1114112K
  class space    used 9852K, committed 10112K, reserved 1048576K
}
Event: 11.726 GC heap after
{Heap after GC invocations=23 (full 0):
 garbage-first heap   total 166912K, used 69994K [0x0000000083600000, 0x0000000100000000)
  region size 1024K, 8 young (8192K), 8 survivors (8192K)
 Metaspace       used 68578K, committed 69184K, reserved 1114112K
  class space    used 9852K, committed 10112K, reserved 1048576K
}
Event: 11.825 GC heap before
{Heap before GC invocations=23 (full 0):
 garbage-first heap   total 166912K, used 121194K [0x0000000083600000, 0x0000000100000000)
  region size 1024K, 57 young (58368K), 8 survivors (8192K)
 Metaspace       used 68587K, committed 69184K, reserved 1114112K
  class space    used 9854K, committed 10112K, reserved 1048576K
}
Event: 11.838 GC heap after
{Heap after GC invocations=24 (full 0):
 garbage-first heap   total 166912K, used 83016K [0x0000000083600000, 0x0000000100000000)
  region size 1024K, 8 young (8192K), 8 survivors (8192K)
 Metaspace       used 68587K, committed 69184K, reserved 1114112K
  class space    used 9854K, committed 10112K, reserved 1048576K
}
Event: 11.840 GC heap before
{Heap before GC invocations=24 (full 0):
 garbage-first heap   total 166912K, used 83016K [0x0000000083600000, 0x0000000100000000)
  region size 1024K, 9 young (9216K), 8 survivors (8192K)
 Metaspace       used 68587K, committed 69184K, reserved 1114112K
  class space    used 9854K, committed 10112K, reserved 1048576K
}
Event: 11.846 GC heap after
{Heap after GC invocations=25 (full 0):
 garbage-first heap   total 166912K, used 84589K [0x0000000083600000, 0x0000000100000000)
  region size 1024K, 1 young (1024K), 1 survivors (1024K)
 Metaspace       used 68587K, committed 69184K, reserved 1114112K
  class space    used 9854K, committed 10112K, reserved 1048576K
}
Event: 11.929 GC heap before
{Heap before GC invocations=25 (full 0):
 garbage-first heap   total 191488K, used 117357K [0x0000000083600000, 0x0000000100000000)
  region size 1024K, 39 young (39936K), 1 survivors (1024K)
 Metaspace       used 68587K, committed 69184K, reserved 1114112K
  class space    used 9854K, committed 10112K, reserved 1048576K
}

