# JRE version: OpenJDK Runtime Environment Corretto-17.0.10.7.1 (17.0.10+7) (build 17.0.10+7-LTS)
# Java VM: OpenJDK 64-Bit Server VM Corretto-17.0.10.7.1 (17.0.10+7-LTS, mixed mode, emulated-client, sharing, tiered, compressed oops, compressed class ptrs, g1 gc, windows-amd64)
GC Precious Log:
 CPUs: 8 total, 8 available
 Memory: 7975M
 Large Page Support: Disabled
 NUMA Support: Disabled
 Compressed Oops: Enabled (32-bit)
 Heap Region Size: 1M
 Heap Min Capacity: 8M
 Heap Initial Capacity: 126M
 Heap Max Capacity: 1994M
 Pre-touch: Disabled
 Parallel Workers: 8
 Concurrent Workers: 2
 Concurrent Refinement Workers: 8
 Periodic GC: Disabled
Heap:
 garbage-first heap   total 89088K, used 44320K [0x0000000083600000, 0x0000000100000000)
  region size 1024K, 5 young (5120K), 5 survivors (5120K)
 Metaspace       used 68531K, committed 69056K, reserved 1114112K
  class space    used 9838K, committed 10112K, reserved 1048576K
GC Heap History (20 events):
Event: 7.393 GC heap after
{Heap after GC invocations=6 (full 0):
 garbage-first heap   total 58368K, used 17598K [0x0000000083600000, 0x0000000100000000)
  region size 1024K, 7 young (7168K), 7 survivors (7168K)
 Metaspace       used 24997K, committed 25344K, reserved 1114112K
  class space    used 3410K, committed 3584K, reserved 1048576K
}
Event: 7.408 GC heap before
{Heap before GC invocations=6 (full 0):
 garbage-first heap   total 58368K, used 18622K [0x0000000083600000, 0x0000000100000000)
  region size 1024K, 8 young (8192K), 7 survivors (7168K)
 Metaspace       used 25008K, committed 25344K, reserved 1114112K
  class space    used 3413K, committed 3584K, reserved 1048576K
}
Event: 7.416 GC heap after
{Heap after GC invocations=7 (full 0):
 garbage-first heap   total 58368K, used 18209K [0x0000000083600000, 0x0000000100000000)
  region size 1024K, 1 young (1024K), 1 survivors (1024K)
 Metaspace       used 25008K, committed 25344K, reserved 1114112K
  class space    used 3413K, committed 3584K, reserved 1048576K
}
Event: 7.755 GC heap before
{Heap before GC invocations=7 (full 0):
 garbage-first heap   total 58368K, used 40737K [0x0000000083600000, 0x0000000100000000)
  region size 1024K, 23 young (23552K), 1 survivors (1024K)
 Metaspace       used 27165K, committed 27456K, reserved 1114112K
  class space    used 3715K, committed 3840K, reserved 1048576K
}
Event: 7.758 GC heap after
{Heap after GC invocations=8 (full 0):
 garbage-first heap   total 58368K, used 18996K [0x0000000083600000, 0x0000000100000000)
  region size 1024K, 2 young (2048K), 2 survivors (2048K)
 Metaspace       used 27165K, committed 27456K, reserved 1114112K
  class space    used 3715K, committed 3840K, reserved 1048576K
}
Event: 8.188 GC heap before
{Heap before GC invocations=8 (full 0):
 garbage-first heap   total 58368K, used 41524K [0x0000000083600000, 0x0000000100000000)
  region size 1024K, 24 young (24576K), 2 survivors (2048K)
 Metaspace       used 30438K, committed 30784K, reserved 1114112K
  class space    used 4307K, committed 4480K, reserved 1048576K
}
Event: 8.195 GC heap after
{Heap after GC invocations=9 (full 0):
 garbage-first heap   total 58368K, used 20404K [0x0000000083600000, 0x0000000100000000)
  region size 1024K, 2 young (2048K), 2 survivors (2048K)
 Metaspace       used 30438K, committed 30784K, reserved 1114112K
  class space    used 4307K, committed 4480K, reserved 1048576K
}
Event: 8.577 GC heap before
{Heap before GC invocations=9 (full 0):
 garbage-first heap   total 58368K, used 42932K [0x0000000083600000, 0x0000000100000000)
  region size 1024K, 24 young (24576K), 2 survivors (2048K)
 Metaspace       used 33797K, committed 34240K, reserved 1114112K
  class space    used 4822K, committed 4992K, reserved 1048576K
}
Event: 8.583 GC heap after
{Heap after GC invocations=10 (full 0):
 garbage-first heap   total 116736K, used 22676K [0x0000000083600000, 0x0000000100000000)
  region size 1024K, 3 young (3072K), 3 survivors (3072K)
 Metaspace       used 33797K, committed 34240K, reserved 1114112K
  class space    used 4822K, committed 4992K, reserved 1048576K
}
Event: 8.795 GC heap before
{Heap before GC invocations=10 (full 0):
 garbage-first heap   total 116736K, used 35988K [0x0000000083600000, 0x0000000100000000)
  region size 1024K, 16 young (16384K), 3 survivors (3072K)
 Metaspace       used 35625K, committed 36096K, reserved 1114112K
  class space    used 5060K, committed 5312K, reserved 1048576K
}
Event: 8.801 GC heap after
{Heap after GC invocations=11 (full 0):
 garbage-first heap   total 116736K, used 23700K [0x0000000083600000, 0x0000000100000000)
  region size 1024K, 4 young (4096K), 4 survivors (4096K)
 Metaspace       used 35625K, committed 36096K, reserved 1114112K
  class space    used 5060K, committed 5312K, reserved 1048576K
}
Event: 9.998 GC heap before
{Heap before GC invocations=12 (full 0):
 garbage-first heap   total 89088K, used 72852K [0x0000000083600000, 0x0000000100000000)
  region size 1024K, 52 young (53248K), 4 survivors (4096K)
 Metaspace       used 50273K, committed 50880K, reserved 1114112K
  class space    used 7072K, committed 7360K, reserved 1048576K
}
Event: 10.003 GC heap after
{Heap after GC invocations=13 (full 0):
 garbage-first heap   total 89088K, used 27628K [0x0000000083600000, 0x0000000100000000)
  region size 1024K, 7 young (7168K), 7 survivors (7168K)
 Metaspace       used 50273K, committed 50880K, reserved 1114112K
  class space    used 7072K, committed 7360K, reserved 1048576K
}
Event: 10.719 GC heap before
{Heap before GC invocations=13 (full 0):
 garbage-first heap   total 89088K, used 65516K [0x0000000083600000, 0x0000000100000000)
  region size 1024K, 45 young (46080K), 7 survivors (7168K)
 Metaspace       used 59815K, committed 60288K, reserved 1114112K
  class space    used 8606K, committed 8832K, reserved 1048576K
}
Event: 10.726 GC heap after
{Heap after GC invocations=14 (full 0):
 garbage-first heap   total 89088K, used 29260K [0x0000000083600000, 0x0000000100000000)
  region size 1024K, 2 young (2048K), 2 survivors (2048K)
 Metaspace       used 59815K, committed 60288K, reserved 1114112K
  class space    used 8606K, committed 8832K, reserved 1048576K
}
Event: 11.273 GC heap before
{Heap before GC invocations=15 (full 0):
 garbage-first heap   total 89088K, used 69196K [0x0000000083600000, 0x0000000100000000)
  region size 1024K, 41 young (41984K), 2 survivors (2048K)
 Metaspace       used 65224K, committed 65792K, reserved 1114112K
  class space    used 9387K, committed 9664K, reserved 1048576K
}
Event: 11.279 GC heap after
{Heap after GC invocations=16 (full 0):
 garbage-first heap   total 89088K, used 31932K [0x0000000083600000, 0x0000000100000000)
  region size 1024K, 5 young (5120K), 5 survivors (5120K)
 Metaspace       used 65224K, committed 65792K, reserved 1114112K
  class space    used 9387K, committed 9664K, reserved 1048576K
}
Event: 11.671 GC heap before
{Heap before GC invocations=16 (full 0):
 garbage-first heap   total 89088K, used 68796K [0x0000000083600000, 0x0000000100000000)
  region size 1024K, 41 young (41984K), 5 survivors (5120K)
 Metaspace       used 68531K, committed 69056K, reserved 1114112K
  class space    used 9838K, committed 10112K, reserved 1048576K
}
Event: 11.678 GC heap after
{Heap after GC invocations=17 (full 0):
 garbage-first heap   total 89088K, used 37963K [0x0000000083600000, 0x0000000100000000)
  region size 1024K, 6 young (6144K), 6 survivors (6144K)
 Metaspace       used 68531K, committed 69056K, reserved 1114112K
  class space    used 9838K, committed 10112K, reserved 1048576K
}
Event: 11.723 GC heap before
{Heap before GC invocations=17 (full 0):
 garbage-first heap   total 89088K, used 69707K [0x0000000083600000, 0x0000000100000000)
  region size 1024K, 36 young (36864K), 6 survivors (6144K)
 Metaspace       used 68531K, committed 69056K, reserved 1114112K
  class space    used 9838K, committed 10112K, reserved 1048576K
}

