# JRE version: OpenJDK Runtime Environment Corretto-17.0.10.7.1 (17.0.10+7) (build 17.0.10+7-LTS)
# Java VM: OpenJDK 64-Bit Server VM Corretto-17.0.10.7.1 (17.0.10+7-LTS, mixed mode, emulated-client, sharing, tiered, compressed oops, compressed class ptrs, g1 gc, windows-amd64)
GC Precious Log:
 CPUs: 8 total, 8 available
 Memory: 7975M
 Large Page Support: Disabled
 NUMA Support: Disabled
 Compressed Oops: Enabled (32-bit)
 Heap Region Size: 1M
 Heap Min Capacity: 8M
 Heap Initial Capacity: 126M
 Heap Max Capacity: 1994M
 Pre-touch: Disabled
 Parallel Workers: 8
 Concurrent Workers: 2
 Concurrent Refinement Workers: 8
 Periodic GC: Disabled
Heap:
 garbage-first heap   total 103424K, used 66119K [0x0000000083600000, 0x0000000100000000)
  region size 1024K, 10 young (10240K), 4 survivors (4096K)
 Metaspace       used 68531K, committed 69120K, reserved 1114112K
  class space    used 9837K, committed 10112K, reserved 1048576K
GC Heap History (20 events):
Event: 7.015 GC heap before
{Heap before GC invocations=9 (full 0):
 garbage-first heap   total 94208K, used 38062K [0x0000000083600000, 0x0000000100000000)
  region size 1024K, 21 young (21504K), 6 survivors (6144K)
 Metaspace       used 35715K, committed 36160K, reserved 1114112K
  class space    used 5080K, committed 5312K, reserved 1048576K
}
Event: 7.021 GC heap after
{Heap after GC invocations=10 (full 0):
 garbage-first heap   total 94208K, used 24186K [0x0000000083600000, 0x0000000100000000)
  region size 1024K, 2 young (2048K), 2 survivors (2048K)
 Metaspace       used 35715K, committed 36160K, reserved 1114112K
  class space    used 5080K, committed 5312K, reserved 1048576K
}
Event: 8.239 GC heap before
{Heap before GC invocations=11 (full 0):
 garbage-first heap   total 86016K, used 70266K [0x0000000083600000, 0x0000000100000000)
  region size 1024K, 47 young (48128K), 2 survivors (2048K)
 Metaspace       used 49798K, committed 50240K, reserved 1114112K
  class space    used 7005K, committed 7232K, reserved 1048576K
}
Event: 8.243 GC heap after
{Heap after GC invocations=12 (full 0):
 garbage-first heap   total 86016K, used 27441K [0x0000000083600000, 0x0000000100000000)
  region size 1024K, 5 young (5120K), 5 survivors (5120K)
 Metaspace       used 49798K, committed 50240K, reserved 1114112K
  class space    used 7005K, committed 7232K, reserved 1048576K
}
Event: 9.079 GC heap before
{Heap before GC invocations=12 (full 0):
 garbage-first heap   total 86016K, used 65329K [0x0000000083600000, 0x0000000100000000)
  region size 1024K, 42 young (43008K), 5 survivors (5120K)
 Metaspace       used 59200K, committed 59712K, reserved 1114112K
  class space    used 8497K, committed 8768K, reserved 1048576K
}
Event: 9.084 GC heap after
{Heap after GC invocations=13 (full 0):
 garbage-first heap   total 86016K, used 29566K [0x0000000083600000, 0x0000000100000000)
  region size 1024K, 3 young (3072K), 3 survivors (3072K)
 Metaspace       used 59200K, committed 59712K, reserved 1114112K
  class space    used 8497K, committed 8768K, reserved 1048576K
}
Event: 9.175 GC heap before
{Heap before GC invocations=13 (full 0):
 garbage-first heap   total 86016K, used 32638K [0x0000000083600000, 0x0000000100000000)
  region size 1024K, 7 young (7168K), 3 survivors (3072K)
 Metaspace       used 59885K, committed 60416K, reserved 1114112K
  class space    used 8620K, committed 8896K, reserved 1048576K
}
Event: 9.177 GC heap after
{Heap after GC invocations=14 (full 0):
 garbage-first heap   total 86016K, used 29376K [0x0000000083600000, 0x0000000100000000)
  region size 1024K, 2 young (2048K), 2 survivors (2048K)
 Metaspace       used 59885K, committed 60416K, reserved 1114112K
  class space    used 8620K, committed 8896K, reserved 1048576K
}
Event: 10.227 GC heap before
{Heap before GC invocations=15 (full 0):
 garbage-first heap   total 86016K, used 67264K [0x0000000083600000, 0x0000000100000000)
  region size 1024K, 39 young (39936K), 2 survivors (2048K)
 Metaspace       used 65021K, committed 65536K, reserved 1114112K
  class space    used 9362K, committed 9600K, reserved 1048576K
}
Event: 10.234 GC heap after
{Heap after GC invocations=16 (full 0):
 garbage-first heap   total 86016K, used 31914K [0x0000000083600000, 0x0000000100000000)
  region size 1024K, 5 young (5120K), 5 survivors (5120K)
 Metaspace       used 65021K, committed 65536K, reserved 1114112K
  class space    used 9362K, committed 9600K, reserved 1048576K
}
Event: 10.673 GC heap before
{Heap before GC invocations=16 (full 0):
 garbage-first heap   total 86016K, used 67754K [0x0000000083600000, 0x0000000100000000)
  region size 1024K, 40 young (40960K), 5 survivors (5120K)
 Metaspace       used 68438K, committed 68992K, reserved 1114112K
  class space    used 9823K, committed 10048K, reserved 1048576K
}
Event: 10.680 GC heap after
{Heap after GC invocations=17 (full 0):
 garbage-first heap   total 86016K, used 37694K [0x0000000083600000, 0x0000000100000000)
  region size 1024K, 5 young (5120K), 5 survivors (5120K)
 Metaspace       used 68438K, committed 68992K, reserved 1114112K
  class space    used 9823K, committed 10048K, reserved 1048576K
}
Event: 10.733 GC heap before
{Heap before GC invocations=17 (full 0):
 garbage-first heap   total 86016K, used 66366K [0x0000000083600000, 0x0000000100000000)
  region size 1024K, 33 young (33792K), 5 survivors (5120K)
 Metaspace       used 68438K, committed 68992K, reserved 1114112K
  class space    used 9823K, committed 10048K, reserved 1048576K
}
Event: 10.740 GC heap after
{Heap after GC invocations=18 (full 0):
 garbage-first heap   total 103424K, used 43469K [0x0000000083600000, 0x0000000100000000)
  region size 1024K, 5 young (5120K), 5 survivors (5120K)
 Metaspace       used 68438K, committed 68992K, reserved 1114112K
  class space    used 9823K, committed 10048K, reserved 1048576K
}
Event: 10.832 GC heap before
{Heap before GC invocations=18 (full 0):
 garbage-first heap   total 103424K, used 79309K [0x0000000083600000, 0x0000000100000000)
  region size 1024K, 39 young (39936K), 5 survivors (5120K)
 Metaspace       used 68531K, committed 69120K, reserved 1114112K
  class space    used 9837K, committed 10112K, reserved 1048576K
}
Event: 10.839 GC heap after
{Heap after GC invocations=19 (full 0):
 garbage-first heap   total 103424K, used 53710K [0x0000000083600000, 0x0000000100000000)
  region size 1024K, 5 young (5120K), 5 survivors (5120K)
 Metaspace       used 68531K, committed 69120K, reserved 1114112K
  class space    used 9837K, committed 10112K, reserved 1048576K
}
Event: 10.855 GC heap before
{Heap before GC invocations=19 (full 0):
 garbage-first heap   total 103424K, used 63950K [0x0000000083600000, 0x0000000100000000)
  region size 1024K, 17 young (17408K), 5 survivors (5120K)
 Metaspace       used 68531K, committed 69120K, reserved 1114112K
  class space    used 9837K, committed 10112K, reserved 1048576K
}
Event: 10.859 GC heap after
{Heap after GC invocations=20 (full 0):
 garbage-first heap   total 103424K, used 57299K [0x0000000083600000, 0x0000000100000000)
  region size 1024K, 3 young (3072K), 3 survivors (3072K)
 Metaspace       used 68531K, committed 69120K, reserved 1114112K
  class space    used 9837K, committed 10112K, reserved 1048576K
}
Event: 10.899 GC heap before
{Heap before GC invocations=20 (full 0):
 garbage-first heap   total 103424K, used 80851K [0x0000000083600000, 0x0000000100000000)
  region size 1024K, 25 young (25600K), 3 survivors (3072K)
 Metaspace       used 68531K, committed 69120K, reserved 1114112K
  class space    used 9837K, committed 10112K, reserved 1048576K
}
Event: 10.903 GC heap after
{Heap after GC invocations=21 (full 0):
 garbage-first heap   total 103424K, used 63047K [0x0000000083600000, 0x0000000100000000)
  region size 1024K, 4 young (4096K), 4 survivors (4096K)
 Metaspace       used 68531K, committed 69120K, reserved 1114112K
  class space    used 9837K, committed 10112K, reserved 1048576K
}

