# JRE version: OpenJDK Runtime Environment Corretto-17.0.10.7.1 (17.0.10+7) (build 17.0.10+7-LTS)
# Java VM: OpenJDK 64-Bit Server VM Corretto-17.0.10.7.1 (17.0.10+7-LTS, mixed mode, emulated-client, sharing, tiered, compressed oops, compressed class ptrs, g1 gc, windows-amd64)
GC Precious Log:
 CPUs: 8 total, 8 available
 Memory: 7975M
 Large Page Support: Disabled
 NUMA Support: Disabled
 Compressed Oops: Enabled (32-bit)
 Heap Region Size: 1M
 Heap Min Capacity: 8M
 Heap Initial Capacity: 126M
 Heap Max Capacity: 1994M
 Pre-touch: Disabled
 Parallel Workers: 8
 Concurrent Workers: 2
 Concurrent Refinement Workers: 8
 Periodic GC: Disabled
Heap:
 garbage-first heap   total 129024K, used 69795K [0x0000000083600000, 0x0000000100000000)
  region size 1024K, 4 young (4096K), 4 survivors (4096K)
 Metaspace       used 72435K, committed 73024K, reserved 1114112K
  class space    used 10269K, committed 10560K, reserved 1048576K
GC Heap History (20 events):
Event: 14.679 GC heap after
{Heap after GC invocations=17 (full 0):
 garbage-first heap   total 86016K, used 33954K [0x0000000083600000, 0x0000000100000000)
  region size 1024K, 5 young (5120K), 5 survivors (5120K)
 Metaspace       used 69852K, committed 70400K, reserved 1114112K
  class space    used 9916K, committed 10176K, reserved 1048576K
}
Event: 15.363 GC heap before
{Heap before GC invocations=17 (full 0):
 garbage-first heap   total 86016K, used 68770K [0x0000000083600000, 0x0000000100000000)
  region size 1024K, 38 young (38912K), 5 survivors (5120K)
 Metaspace       used 72387K, committed 72960K, reserved 1114112K
  class space    used 10254K, committed 10496K, reserved 1048576K
}
Event: 15.371 GC heap after
{Heap after GC invocations=18 (full 0):
 garbage-first heap   total 86016K, used 39202K [0x0000000083600000, 0x0000000100000000)
  region size 1024K, 5 young (5120K), 5 survivors (5120K)
 Metaspace       used 72387K, committed 72960K, reserved 1114112K
  class space    used 10254K, committed 10496K, reserved 1048576K
}
Event: 15.439 GC heap before
{Heap before GC invocations=18 (full 0):
 garbage-first heap   total 86016K, used 67874K [0x0000000083600000, 0x0000000100000000)
  region size 1024K, 32 young (32768K), 5 survivors (5120K)
 Metaspace       used 72387K, committed 72960K, reserved 1114112K
  class space    used 10254K, committed 10496K, reserved 1048576K
}
Event: 15.447 GC heap after
{Heap after GC invocations=19 (full 0):
 garbage-first heap   total 86016K, used 46737K [0x0000000083600000, 0x0000000100000000)
  region size 1024K, 4 young (4096K), 4 survivors (4096K)
 Metaspace       used 72387K, committed 72960K, reserved 1114112K
  class space    used 10254K, committed 10496K, reserved 1048576K
}
Event: 15.480 GC heap before
{Heap before GC invocations=19 (full 0):
 garbage-first heap   total 86016K, used 55953K [0x0000000083600000, 0x0000000100000000)
  region size 1024K, 14 young (14336K), 4 survivors (4096K)
 Metaspace       used 72387K, committed 72960K, reserved 1114112K
  class space    used 10254K, committed 10496K, reserved 1048576K
}
Event: 15.485 GC heap after
{Heap after GC invocations=20 (full 0):
 garbage-first heap   total 86016K, used 49288K [0x0000000083600000, 0x0000000100000000)
  region size 1024K, 3 young (3072K), 3 survivors (3072K)
 Metaspace       used 72387K, committed 72960K, reserved 1114112K
  class space    used 10254K, committed 10496K, reserved 1048576K
}
Event: 15.774 GC heap before
{Heap before GC invocations=21 (full 0):
 garbage-first heap   total 102400K, used 65672K [0x0000000083600000, 0x0000000100000000)
  region size 1024K, 19 young (19456K), 3 survivors (3072K)
 Metaspace       used 72427K, committed 73024K, reserved 1114112K
  class space    used 10268K, committed 10560K, reserved 1048576K
}
Event: 15.782 GC heap after
{Heap after GC invocations=22 (full 0):
 garbage-first heap   total 102400K, used 55051K [0x0000000083600000, 0x0000000100000000)
  region size 1024K, 3 young (3072K), 3 survivors (3072K)
 Metaspace       used 72427K, committed 73024K, reserved 1114112K
  class space    used 10268K, committed 10560K, reserved 1048576K
}
Event: 15.786 GC heap before
{Heap before GC invocations=22 (full 0):
 garbage-first heap   total 102400K, used 57099K [0x0000000083600000, 0x0000000100000000)
  region size 1024K, 5 young (5120K), 3 survivors (3072K)
 Metaspace       used 72427K, committed 73024K, reserved 1114112K
  class space    used 10268K, committed 10560K, reserved 1048576K
}
Event: 15.790 GC heap after
{Heap after GC invocations=23 (full 0):
 garbage-first heap   total 122880K, used 56910K [0x0000000083600000, 0x0000000100000000)
  region size 1024K, 1 young (1024K), 1 survivors (1024K)
 Metaspace       used 72427K, committed 73024K, reserved 1114112K
  class space    used 10268K, committed 10560K, reserved 1048576K
}
Event: 15.823 GC heap before
{Heap before GC invocations=23 (full 0):
 garbage-first heap   total 122880K, used 71246K [0x0000000083600000, 0x0000000100000000)
  region size 1024K, 17 young (17408K), 1 survivors (1024K)
 Metaspace       used 72427K, committed 73024K, reserved 1114112K
  class space    used 10268K, committed 10560K, reserved 1048576K
}
Event: 15.828 GC heap after
{Heap after GC invocations=24 (full 0):
 garbage-first heap   total 122880K, used 59982K [0x0000000083600000, 0x0000000100000000)
  region size 1024K, 4 young (4096K), 4 survivors (4096K)
 Metaspace       used 72427K, committed 73024K, reserved 1114112K
  class space    used 10268K, committed 10560K, reserved 1048576K
}
Event: 16.025 GC heap before
{Heap before GC invocations=25 (full 0):
 garbage-first heap   total 122880K, used 86016K [0x0000000083600000, 0x0000000100000000)
  region size 1024K, 34 young (34816K), 4 survivors (4096K)
 Metaspace       used 72427K, committed 73024K, reserved 1114112K
  class space    used 10268K, committed 10560K, reserved 1048576K
}
Event: 16.036 GC heap after
{Heap after GC invocations=26 (full 0):
 garbage-first heap   total 122880K, used 62748K [0x0000000083600000, 0x0000000100000000)
  region size 1024K, 5 young (5120K), 5 survivors (5120K)
 Metaspace       used 72427K, committed 73024K, reserved 1114112K
  class space    used 10268K, committed 10560K, reserved 1048576K
}
Event: 16.041 GC heap before
{Heap before GC invocations=26 (full 0):
 garbage-first heap   total 122880K, used 63772K [0x0000000083600000, 0x0000000100000000)
  region size 1024K, 6 young (6144K), 5 survivors (5120K)
 Metaspace       used 72427K, committed 73024K, reserved 1114112K
  class space    used 10268K, committed 10560K, reserved 1048576K
}
Event: 16.047 GC heap after
{Heap after GC invocations=27 (full 0):
 garbage-first heap   total 122880K, used 54272K [0x0000000083600000, 0x0000000100000000)
  region size 1024K, 1 young (1024K), 1 survivors (1024K)
 Metaspace       used 72427K, committed 73024K, reserved 1114112K
  class space    used 10268K, committed 10560K, reserved 1048576K
}
Event: 16.432 GC heap before
{Heap before GC invocations=27 (full 0):
 garbage-first heap   total 122880K, used 90112K [0x0000000083600000, 0x0000000100000000)
  region size 1024K, 34 young (34816K), 1 survivors (1024K)
 Metaspace       used 72427K, committed 73024K, reserved 1114112K
  class space    used 10268K, committed 10560K, reserved 1048576K
}
Event: 16.437 GC heap after
{Heap after GC invocations=28 (full 0):
 garbage-first heap   total 122880K, used 63420K [0x0000000083600000, 0x0000000100000000)
  region size 1024K, 5 young (5120K), 5 survivors (5120K)
 Metaspace       used 72427K, committed 73024K, reserved 1114112K
  class space    used 10268K, committed 10560K, reserved 1048576K
}
Event: 17.057 GC heap before
{Heap before GC invocations=28 (full 0):
 garbage-first heap   total 122880K, used 91068K [0x0000000083600000, 0x0000000100000000)
  region size 1024K, 32 young (32768K), 5 survivors (5120K)
 Metaspace       used 72435K, committed 73024K, reserved 1114112K
  class space    used 10269K, committed 10560K, reserved 1048576K
}

